build/outputs/logs/manifest-merger-debug-report.txt
-- Merging decision tree log ---
manifest
ADDED from src/main/AndroidManifest.xml:2:1-36:12
	package
		ADDED from src/main/AndroidManifest.xml:3:5-32
		INJECTED from src/main/AndroidManifest.xml
		INJECTED from src/main/AndroidManifest.xml
	android:versionName
		INJECTED from src/main/AndroidManifest.xml
		INJECTED from src/main/AndroidManifest.xml
	xmlns:android
		ADDED from src/main/AndroidManifest.xml:2:11-69
	android:versionCode
		INJECTED from src/main/AndroidManifest.xml
		INJECTED from src/main/AndroidManifest.xml
uses-permission#android.permission.ACCESS_FINE_LOCATION
ADDED from src/main/AndroidManifest.xml:5:5-79
MERGED from [io.nlopez.smartlocation:library:3.2.9] AndroidManifest.xml:14:5-79
	android:name
		ADDED from src/main/AndroidManifest.xml:5:22-76
uses-permission#android.permission.RECORD_AUDIO
ADDED from src/main/AndroidManifest.xml:6:5-70
	android:name
		ADDED from src/main/AndroidManifest.xml:6:22-68
uses-permission#android.permission.INTERNET
ADDED from src/main/AndroidManifest.xml:7:5-66
	android:name
		ADDED from src/main/AndroidManifest.xml:7:22-64
application
ADDED from src/main/AndroidManifest.xml:9:5-34:19
MERGED from [com.github.dexafree:materiallist:3.2.1] AndroidManifest.xml:11:5-14:19
MERGED from [com.android.support:cardview-v7:23.2.1] AndroidManifest.xml:22:5-20
MERGED from [com.android.support.constraint:constraint-layout:1.0.0-alpha7] AndroidManifest.xml:9:5-20
MERGED from [com.wrapp.floatlabelededittext:library:0.0.6] AndroidManifest.xml:11:5-20
MERGED from [io.nlopez.smartlocation:library:3.2.9] AndroidManifest.xml:18:5-28:19
MERGED from [com.google.android.gms:play-services-location:9.8.0] AndroidManifest.xml:4:5-19
MERGED from [com.google.android.gms:play-services-base:9.8.0] AndroidManifest.xml:18:5-20:19
MERGED from [com.google.android.gms:play-services-tasks:9.8.0] AndroidManifest.xml:4:5-19
MERGED from [com.google.android.gms:play-services-basement:9.8.0] AndroidManifest.xml:19:5-21:19
MERGED from [br.com.mauker.materialsearchview:materialsearchview:1.2.0] AndroidManifest.xml:23:5-25:38
MERGED from [com.android.support:design:25.0.1] AndroidManifest.xml:25:5-20
MERGED from [com.android.support:appcompat-v7:25.0.1] AndroidManifest.xml:25:5-20
MERGED from [com.android.support:animated-vector-drawable:25.0.1] AndroidManifest.xml:22:5-20
MERGED from [com.android.support:support-vector-drawable:25.0.1] AndroidManifest.xml:23:5-20
MERGED from [com.android.support:transition:25.0.1] AndroidManifest.xml:22:5-20
MERGED from [com.android.support:support-v4:25.0.1] AndroidManifest.xml:25:5-20
MERGED from [com.android.support:support-fragment:25.0.1] AndroidManifest.xml:25:5-20
MERGED from [com.android.support:support-media-compat:25.0.1] AndroidManifest.xml:25:5-20
MERGED from [com.android.support:support-core-ui:25.0.1] AndroidManifest.xml:25:5-20
MERGED from [com.android.support:support-core-utils:25.0.1] AndroidManifest.xml:25:5-20
MERGED from [com.android.support:support-compat:25.0.1] AndroidManifest.xml:25:5-20
	android:label
		ADDED from src/main/AndroidManifest.xml:12:9-41
	android:supportsRtl
		ADDED from src/main/AndroidManifest.xml:13:9-35
	android:allowBackup
		ADDED from src/main/AndroidManifest.xml:10:9-35
	android:icon
		ADDED from src/main/AndroidManifest.xml:11:9-43
	android:theme
		ADDED from src/main/AndroidManifest.xml:14:9-40
provider#br.com.mauker.materialsearchview.db.HistoryProvider
ADDED from src/main/AndroidManifest.xml:16:9-21:38
	android:authorities
		ADDED from src/main/AndroidManifest.xml:18:13-44
	android:protectionLevel
		ADDED from src/main/AndroidManifest.xml:20:13-48
	android:syncable
		ADDED from src/main/AndroidManifest.xml:21:13-36
	android:exported
		ADDED from src/main/AndroidManifest.xml:19:13-37
	android:name
		ADDED from src/main/AndroidManifest.xml:17:13-79
activity#com.ssrij.ainotes.MainActivity
ADDED from src/main/AndroidManifest.xml:23:9-28:20
	android:name
		ADDED from src/main/AndroidManifest.xml:23:19-47
intent-filter#android.intent.action.MAIN+android.intent.category.LAUNCHER
ADDED from src/main/AndroidManifest.xml:24:13-27:29
action#android.intent.action.MAIN
ADDED from src/main/AndroidManifest.xml:25:17-69
	android:name
		ADDED from src/main/AndroidManifest.xml:25:25-66
category#android.intent.category.LAUNCHER
ADDED from src/main/AndroidManifest.xml:26:17-77
	android:name
		ADDED from src/main/AndroidManifest.xml:26:27-74
activity#com.ssrij.ainotes.NoteActivity
ADDED from src/main/AndroidManifest.xml:29:9-32:40
	android:label
		ADDED from src/main/AndroidManifest.xml:32:13-37
	android:windowSoftInputMode
		ADDED from src/main/AndroidManifest.xml:31:13-54
	android:name
		ADDED from src/main/AndroidManifest.xml:30:13-41
activity#com.ssrij.ainotes.SearchActivity
ADDED from src/main/AndroidManifest.xml:33:9-132
	android:label
		ADDED from src/main/AndroidManifest.xml:33:98-120
	android:theme
		ADDED from src/main/AndroidManifest.xml:33:50-97
	android:name
		ADDED from src/main/AndroidManifest.xml:33:19-49
uses-sdk
INJECTED from src/main/AndroidManifest.xml reason: use-sdk injection requested
MERGED from [io.realm:realm-android-library:2.2.0] AndroidManifest.xml:5:5-7:41
MERGED from [com.getkeepsafe.relinker:relinker:1.2.2] AndroidManifest.xml:7:5-43
MERGED from [com.github.dexafree:materiallist:3.2.1] AndroidManifest.xml:7:5-9:41
MERGED from [com.android.support:cardview-v7:23.2.1] AndroidManifest.xml:20:5-43
MERGED from [com.android.support.constraint:constraint-layout:1.0.0-alpha7] AndroidManifest.xml:5:5-7:41
MERGED from [com.wrapp.floatlabelededittext:library:0.0.6] AndroidManifest.xml:7:5-9:41
MERGED from [io.nlopez.smartlocation:library:3.2.9] AndroidManifest.xml:8:5-10:41
MERGED from [com.google.android.gms:play-services-location:9.8.0] AndroidManifest.xml:3:5-42
MERGED from [com.google.android.gms:play-services-base:9.8.0] AndroidManifest.xml:17:5-42
MERGED from [com.google.android.gms:play-services-tasks:9.8.0] AndroidManifest.xml:3:5-42
MERGED from [com.google.android.gms:play-services-basement:9.8.0] AndroidManifest.xml:17:5-42
MERGED from [br.com.mauker.materialsearchview:materialsearchview:1.2.0] AndroidManifest.xml:19:5-21:41
MERGED from [com.android.support:design:25.0.1] AndroidManifest.xml:21:5-23:62
MERGED from [com.android.support:appcompat-v7:25.0.1] AndroidManifest.xml:21:5-23:78
MERGED from [com.android.support:animated-vector-drawable:25.0.1] AndroidManifest.xml:20:5-44
MERGED from [com.android.support:support-vector-drawable:25.0.1] AndroidManifest.xml:21:5-43
MERGED from [com.android.support:recyclerview-v7:25.0.1] AndroidManifest.xml:20:5-43
MERGED from [com.android.support:transition:25.0.1] AndroidManifest.xml:20:5-44
MERGED from [com.android.support:support-v4:25.0.1] AndroidManifest.xml:21:5-23:54
MERGED from [com.android.support:support-fragment:25.0.1] AndroidManifest.xml:21:5-23:60
MERGED from [com.android.support:support-media-compat:25.0.1] AndroidManifest.xml:21:5-23:63
MERGED from [com.android.support:support-core-ui:25.0.1] AndroidManifest.xml:21:5-23:58
MERGED from [com.android.support:support-core-utils:25.0.1] AndroidManifest.xml:21:5-23:61
MERGED from [com.android.support:support-compat:25.0.1] AndroidManifest.xml:21:5-23:58
	tools:overrideLibrary
		ADDED from [com.android.support:design:25.0.1] AndroidManifest.xml:23:9-59
	android:targetSdkVersion
		INJECTED from src/main/AndroidManifest.xml
		INJECTED from src/main/AndroidManifest.xml
	android:minSdkVersion
		INJECTED from src/main/AndroidManifest.xml
		INJECTED from src/main/AndroidManifest.xml
uses-permission#android.permission.ACCESS_COARSE_LOCATION
ADDED from [io.nlopez.smartlocation:library:3.2.9] AndroidManifest.xml:12:5-81
	android:name
		ADDED from [io.nlopez.smartlocation:library:3.2.9] AndroidManifest.xml:12:22-78
uses-permission#android.permission.ACCESS_NETWORK_STATE
ADDED from [io.nlopez.smartlocation:library:3.2.9] AndroidManifest.xml:13:5-79
	android:name
		ADDED from [io.nlopez.smartlocation:library:3.2.9] AndroidManifest.xml:13:22-76
uses-permission#com.google.android.providers.gsf.permission.READ_GSERVICES
ADDED from [io.nlopez.smartlocation:library:3.2.9] AndroidManifest.xml:15:5-98
	android:name
		ADDED from [io.nlopez.smartlocation:library:3.2.9] AndroidManifest.xml:15:22-95
uses-permission#com.google.android.gms.permission.ACTIVITY_RECOGNITION
ADDED from [io.nlopez.smartlocation:library:3.2.9] AndroidManifest.xml:16:5-94
	android:name
		ADDED from [io.nlopez.smartlocation:library:3.2.9] AndroidManifest.xml:16:22-91
service#io.nlopez.smartlocation.activity.providers.ActivityGooglePlayServicesProvider$ActivityRecognitionService
ADDED from [io.nlopez.smartlocation:library:3.2.9] AndroidManifest.xml:19:9-21:40
	android:exported
		ADDED from [io.nlopez.smartlocation:library:3.2.9] AndroidManifest.xml:21:13-37
	android:name
		ADDED from [io.nlopez.smartlocation:library:3.2.9] AndroidManifest.xml:20:13-132
service#io.nlopez.smartlocation.geofencing.providers.GeofencingGooglePlayServicesProvider$GeofencingService
ADDED from [io.nlopez.smartlocation:library:3.2.9] AndroidManifest.xml:22:9-24:40
	android:exported
		ADDED from [io.nlopez.smartlocation:library:3.2.9] AndroidManifest.xml:24:13-37
	android:name
		ADDED from [io.nlopez.smartlocation:library:3.2.9] AndroidManifest.xml:23:13-127
service#io.nlopez.smartlocation.geocoding.providers.AndroidGeocodingProvider$AndroidGeocodingService
ADDED from [io.nlopez.smartlocation:library:3.2.9] AndroidManifest.xml:25:9-27:40
	android:exported
		ADDED from [io.nlopez.smartlocation:library:3.2.9] AndroidManifest.xml:27:13-37
	android:name
		ADDED from [io.nlopez.smartlocation:library:3.2.9] AndroidManifest.xml:26:13-120
activity#com.google.android.gms.common.api.GoogleApiActivity
ADDED from [com.google.android.gms:play-services-base:9.8.0] AndroidManifest.xml:19:9-172
	android:exported
		ADDED from [com.google.android.gms:play-services-base:9.8.0] AndroidManifest.xml:19:146-170
	android:theme
		ADDED from [com.google.android.gms:play-services-base:9.8.0] AndroidManifest.xml:19:86-145
	android:name
		ADDED from [com.google.android.gms:play-services-base:9.8.0] AndroidManifest.xml:19:19-85
meta-data#com.google.android.gms.version
ADDED from [com.google.android.gms:play-services-basement:9.8.0] AndroidManifest.xml:20:9-121
	android:value
		ADDED from [com.google.android.gms:play-services-basement:9.8.0] AndroidManifest.xml:20:66-119
	android:name
		ADDED from [com.google.android.gms:play-services-basement:9.8.0] AndroidManifest.xml:20:20-65